<?xml version="1.0" encoding="UTF-8"?>
<!-- Generated by org.testng.reporters.JUnitXMLReporter -->
<testsuite hostname="DESKTOP-8OKFALM" ignored="0" name="Default test" tests="3" failures="0" timestamp="29 Aug 2019 11:51:17 GMT" time="5.771" errors="0">
  <testcase name="postTweet" time="3.342" classname="com.twitter.statuses.TwitterWorkflowTest"/>
  <testcase name="readTweet" time="0.665" classname="com.twitter.statuses.TwitterWorkflowTest"/>
  <testcase name="deleteTweet" time="0.523" classname="com.twitter.statuses.TwitterWorkflowTest"/>
</testsuite> <!-- Default test -->
